<?xml version="1.0" encoding="UTF-8"?>
<testng-results ignored="0" total="2" passed="2" failed="0" skipped="0">
  <reporter-output>
  </reporter-output>
  <suite started-at="2024-04-23T21:34:12 IST" name="Default suite" finished-at="2024-04-23T21:34:29 IST" duration-ms="16893">
    <groups>
    </groups>
    <test started-at="2024-04-23T21:34:12 IST" name="Default test" finished-at="2024-04-23T21:34:29 IST" duration-ms="16893">
      <class name="seleniummaven212.mavenhrm">
        <test-method is-config="true" signature="navigate()[pri:0, instance:seleniummaven212.mavenhrm@7103cb56]" started-at="2024-04-23T21:34:12 IST" name="navigate" finished-at="2024-04-23T21:34:19 IST" duration-ms="6504" status="PASS">
          <reporter-output>
          </reporter-output>
        </test-method> <!-- navigate -->
        <test-method signature="login()[pri:1, instance:seleniummaven212.mavenhrm@7103cb56]" started-at="2024-04-23T21:34:19 IST" name="login" finished-at="2024-04-23T21:34:22 IST" duration-ms="3329" status="PASS">
          <reporter-output>
          </reporter-output>
        </test-method> <!-- login -->
        <test-method signature="buzz()[pri:2, instance:seleniummaven212.mavenhrm@7103cb56]" started-at="2024-04-23T21:34:22 IST" name="buzz" finished-at="2024-04-23T21:34:29 IST" duration-ms="6762" status="PASS">
          <reporter-output>
          </reporter-output>
        </test-method> <!-- buzz -->
        <test-method is-config="true" signature="close()[pri:0, instance:seleniummaven212.mavenhrm@7103cb56]" started-at="2024-04-23T21:34:29 IST" name="close" finished-at="2024-04-23T21:34:29 IST" duration-ms="256" status="PASS">
          <reporter-output>
          </reporter-output>
        </test-method> <!-- close -->
      </class> <!-- seleniummaven212.mavenhrm -->
    </test> <!-- Default test -->
  </suite> <!-- Default suite -->
</testng-results>
